Determining if the pthread_create exist failed with the following output:
Change Dir: /home/lzb/ros_ws/src/Active-Road-Mapping/build/CMakeFiles/CMakeTmp

Run Build Command:"/usr/bin/make" "cmTC_0c341/fast"
/usr/bin/make -f CMakeFiles/cmTC_0c341.dir/build.make CMakeFiles/cmTC_0c341.dir/build
make[1]: 进入目录“/home/lzb/ros_ws/src/Active-Road-Mapping/build/CMakeFiles/CMakeTmp”
Building C object CMakeFiles/cmTC_0c341.dir/CheckSymbolExists.c.o
/usr/bin/cc    -o CMakeFiles/cmTC_0c341.dir/CheckSymbolExists.c.o   -c /home/lzb/ros_ws/src/Active-Road-Mapping/build/CMakeFiles/CMakeTmp/CheckSymbolExists.c
Linking C executable cmTC_0c341
/usr/bin/cmake -E cmake_link_script CMakeFiles/cmTC_0c341.dir/link.txt --verbose=1
/usr/bin/cc      -rdynamic CMakeFiles/cmTC_0c341.dir/CheckSymbolExists.c.o  -o cmTC_0c341 
CMakeFiles/cmTC_0c341.dir/CheckSymbolExists.c.o：在函数‘main’中：
CheckSymbolExists.c:(.text+0x1b)：对‘pthread_create’未定义的引用
collect2: error: ld returned 1 exit status
CMakeFiles/cmTC_0c341.dir/build.make:97: recipe for target 'cmTC_0c341' failed
make[1]: *** [cmTC_0c341] Error 1
make[1]: 离开目录“/home/lzb/ros_ws/src/Active-Road-Mapping/build/CMakeFiles/CMakeTmp”
Makefile:126: recipe for target 'cmTC_0c341/fast' failed
make: *** [cmTC_0c341/fast] Error 2

File /home/lzb/ros_ws/src/Active-Road-Mapping/build/CMakeFiles/CMakeTmp/CheckSymbolExists.c:
/* */
#include <pthread.h>

int main(int argc, char** argv)
{
  (void)argv;
#ifndef pthread_create
  return ((int*)(&pthread_create))[argc];
#else
  (void)argc;
  return 0;
#endif
}

Determining if the function pthread_create exists in the pthreads failed with the following output:
Change Dir: /home/lzb/ros_ws/src/Active-Road-Mapping/build/CMakeFiles/CMakeTmp

Run Build Command:"/usr/bin/make" "cmTC_1ad19/fast"
/usr/bin/make -f CMakeFiles/cmTC_1ad19.dir/build.make CMakeFiles/cmTC_1ad19.dir/build
make[1]: 进入目录“/home/lzb/ros_ws/src/Active-Road-Mapping/build/CMakeFiles/CMakeTmp”
Building C object CMakeFiles/cmTC_1ad19.dir/CheckFunctionExists.c.o
/usr/bin/cc   -DCHECK_FUNCTION_EXISTS=pthread_create   -o CMakeFiles/cmTC_1ad19.dir/CheckFunctionExists.c.o   -c /usr/share/cmake-3.10/Modules/CheckFunctionExists.c
Linking C executable cmTC_1ad19
/usr/bin/cmake -E cmake_link_script CMakeFiles/cmTC_1ad19.dir/link.txt --verbose=1
/usr/bin/cc  -DCHECK_FUNCTION_EXISTS=pthread_create    -rdynamic CMakeFiles/cmTC_1ad19.dir/CheckFunctionExists.c.o  -o cmTC_1ad19 -lpthreads 
/usr/bin/ld: 找不到 -lpthreads
collect2: error: ld returned 1 exit status
CMakeFiles/cmTC_1ad19.dir/build.make:97: recipe for target 'cmTC_1ad19' failed
make[1]: *** [cmTC_1ad19] Error 1
make[1]: 离开目录“/home/lzb/ros_ws/src/Active-Road-Mapping/build/CMakeFiles/CMakeTmp”
Makefile:126: recipe for target 'cmTC_1ad19/fast' failed
make: *** [cmTC_1ad19/fast] Error 2


